TN:
SF:__test__\Booking.test.jsx
FNF:0
FNH:0
DA:1,1
DA:2,1
DA:3,1
DA:4,1
DA:5,1
DA:6,1
DA:8,1
DA:9,1
DA:10,1
DA:11,1
DA:12,1
DA:13,1
DA:14,1
DA:16,1
DA:17,1
DA:19,1
DA:20,1
DA:21,1
DA:22,1
DA:23,1
DA:24,1
DA:25,1
DA:26,1
DA:27,1
DA:28,1
DA:29,1
DA:30,1
DA:32,1
DA:33,1
DA:34,1
DA:35,1
DA:38,1
DA:39,1
DA:40,1
DA:41,1
DA:42,1
DA:43,1
DA:44,1
DA:45,1
DA:46,1
DA:47,1
DA:48,1
DA:50,1
DA:51,1
DA:52,1
DA:54,1
DA:55,1
DA:59,1
DA:60,1
DA:61,1
DA:62,1
DA:63,1
DA:64,1
DA:65,1
DA:66,1
DA:67,1
DA:68,1
DA:70,1
DA:71,1
DA:72,1
DA:73,1
DA:74,1
DA:75,1
DA:76,1
DA:77,1
DA:78,1
DA:80,1
DA:81,1
DA:82,1
DA:83,1
DA:84,1
DA:85,1
DA:86,1
DA:87,1
DA:88,1
DA:89,1
DA:90,1
DA:91,1
DA:93,1
DA:94,1
DA:96,1
DA:97,1
DA:98,1
DA:99,1
DA:101,1
DA:102,1
DA:105,1
DA:106,1
DA:107,1
DA:108,1
DA:109,1
DA:110,1
DA:111,1
DA:112,1
DA:113,1
DA:115,1
DA:116,1
DA:117,1
DA:118,1
DA:119,1
DA:120,1
DA:121,1
DA:122,1
DA:123,1
DA:124,1
DA:125,1
DA:126,1
DA:128,1
DA:129,1
DA:130,1
DA:131,1
DA:132,1
DA:134,1
DA:135,1
DA:136,1
DA:137,1
DA:138,1
DA:139,1
DA:140,1
DA:141,1
DA:142,1
DA:143,1
DA:144,1
DA:145,1
DA:146,1
DA:147,1
DA:148,1
DA:151,1
DA:152,1
DA:153,1
DA:156,1
DA:157,1
DA:158,1
DA:159,1
DA:160,1
DA:161,1
DA:162,1
DA:163,1
DA:164,1
DA:166,1
DA:167,1
DA:168,1
DA:169,1
DA:170,1
DA:171,1
DA:172,1
DA:173,1
DA:174,1
DA:175,1
DA:176,1
DA:177,1
DA:179,1
DA:180,1
DA:182,1
DA:183,1
DA:184,1
DA:186,1
DA:187,1
DA:191,1
DA:192,1
DA:193,1
DA:194,1
DA:195,1
DA:196,1
DA:197,1
DA:198,1
DA:199,1
DA:200,1
DA:201,1
DA:203,1
DA:204,1
DA:205,1
DA:206,1
DA:207,1
DA:208,1
DA:209,1
DA:210,1
DA:211,1
DA:212,1
DA:213,1
DA:214,1
DA:215,1
DA:218,1
DA:220,1
DA:221,1
DA:222,1
DA:223,1
DA:224,1
DA:226,1
DA:229,1
DA:231,1
LF:191
LH:191
BRDA:8,0,0,1
BRDA:9,1,0,1
BRDA:50,2,0,1
BRDA:60,3,0,1
BRDA:71,4,0,1
BRDA:106,5,0,1
BRDA:157,6,0,1
BRDA:192,7,0,1
BRDA:193,8,0,1
BRDA:206,9,0,1
BRF:10
BRH:10
end_of_record
TN:
SF:mocks\handler.js
FNF:0
FNH:0
DA:1,1
DA:2,1
DA:3,1
DA:4,1
DA:5,1
DA:6,1
DA:7,1
DA:8,1
DA:9,1
DA:10,1
DA:11,1
DA:12,1
DA:13,1
DA:14,1
DA:15,1
DA:16,1
DA:17,1
DA:18,1
DA:19,1
DA:20,1
DA:21,1
DA:22,1
DA:23,1
DA:24,1
LF:24
LH:24
BRDA:4,0,0,1
BRF:1
BRH:1
end_of_record
TN:
SF:mocks\mockserver.js
FNF:0
FNH:0
DA:1,1
DA:2,1
DA:3,1
DA:4,1
DA:5,1
LF:5
LH:5
BRF:0
BRH:0
end_of_record
TN:
SF:src\components\BookingInfo\BookingInfo.jsx
FN:5,BookingInfo
FNF:1
FNH:1
FNDA:53,BookingInfo
DA:1,1
DA:3,1
DA:5,53
DA:6,53
DA:7,53
DA:8,53
DA:9,53
DA:10,53
DA:11,53
DA:12,53
DA:13,53
DA:14,53
DA:15,53
DA:16,53
DA:17,53
DA:18,53
DA:19,53
DA:20,53
DA:21,53
DA:22,53
DA:23,53
DA:24,53
DA:25,53
DA:26,53
DA:27,53
DA:28,53
DA:29,53
DA:30,53
DA:31,53
DA:32,53
DA:33,53
DA:34,53
DA:35,53
DA:36,53
DA:37,53
DA:38,53
DA:39,53
DA:40,53
DA:41,53
DA:42,53
DA:43,53
DA:44,53
DA:46,53
DA:48,1
LF:44
LH:44
BRDA:5,0,0,53
BRF:1
BRH:1
end_of_record
TN:
SF:src\components\ErrorMessage\ErrorMessage.jsx
FN:3,ErrorMessage
FNF:1
FNH:1
FNDA:4,ErrorMessage
DA:1,1
DA:3,4
DA:4,4
DA:5,4
DA:6,4
DA:7,4
DA:9,4
DA:11,1
LF:8
LH:8
BRDA:3,0,0,4
BRF:1
BRH:1
end_of_record
TN:
SF:src\components\Input\Input.jsx
FN:3,Input
FNF:1
FNH:1
FNDA:284,Input
DA:1,1
DA:3,284
DA:4,284
DA:5,284
DA:6,284
DA:7,284
DA:8,284
DA:9,284
DA:10,284
DA:11,284
DA:12,284
DA:13,284
DA:14,284
DA:15,284
DA:16,284
DA:17,284
DA:18,284
DA:19,284
DA:20,284
DA:21,284
DA:22,284
DA:23,284
DA:24,284
DA:26,284
DA:27,284
DA:29,284
DA:31,1
LF:27
LH:27
BRDA:3,0,0,284
BRDA:18,1,0,231
BRDA:18,2,0,53
BRDA:22,3,0,0
BRF:4
BRH:3
end_of_record
TN:
SF:src\components\Navigation\Navigation.jsx
FN:6,Navigation
FN:13,onClick
FN:15,onClick
FN:17,onClick
FNF:4
FNH:1
FNDA:53,Navigation
FNDA:0,onClick
FNDA:0,onClick
FNDA:0,onClick
DA:1,1
DA:2,1
DA:3,1
DA:4,1
DA:6,53
DA:7,53
DA:8,53
DA:10,53
DA:11,53
DA:12,53
DA:13,53
DA:14,53
DA:15,53
DA:16,53
DA:17,53
DA:18,53
DA:20,53
DA:22,1
LF:18
LH:18
BRDA:6,0,0,53
BRDA:11,1,0,0
BRDA:14,2,0,0
BRDA:16,3,0,0
BRF:4
BRH:1
end_of_record
TN:
SF:src\components\Shoes\Shoes.jsx
FN:6,Shoes
FN:21,onClick
FN:41,onClick
FNF:3
FNH:3
FNDA:53,Shoes
FNDA:2,onClick
FNDA:15,onClick
DA:1,1
DA:2,1
DA:4,1
DA:6,53
DA:7,53
DA:8,72
DA:9,72
DA:10,72
DA:11,72
DA:12,72
DA:13,72
DA:14,72
DA:15,72
DA:16,72
DA:17,72
DA:18,72
DA:19,72
DA:20,72
DA:21,72
DA:22,2
DA:23,2
DA:24,72
DA:26,72
DA:27,72
DA:30,72
DA:31,53
DA:33,53
DA:34,53
DA:35,53
DA:36,53
DA:37,53
DA:38,53
DA:39,53
DA:40,53
DA:41,53
DA:42,15
DA:43,15
DA:44,53
DA:46,53
DA:47,53
DA:49,53
DA:51,1
LF:42
LH:42
BRDA:6,0,0,53
BRDA:7,1,0,72
BRDA:21,2,0,2
BRDA:41,3,0,15
BRF:4
BRH:4
end_of_record
TN:
SF:src\components\Top\Top.jsx
FN:4,Top
FNF:1
FNH:1
FNDA:53,Top
DA:1,1
DA:2,1
DA:4,53
DA:5,53
DA:6,53
DA:7,53
DA:8,53
DA:9,53
DA:11,53
DA:13,1
LF:10
LH:10
BRDA:4,0,0,53
BRF:1
BRH:1
end_of_record
TN:
SF:src\views\Booking.jsx
FN:11,Booking
FN:22,updateBookingDetails
FN:32,updateSize
FN:45,addShoe
FN:51,removeShoe
FN:57,isShoeSizesFilled
FN:65,checkPlayersAndLanes
FN:74,sendBooking
FN:90,comparePeopleAndShoes
FN:94,saveConfirmation
FN:102,book
FNF:11
FNH:11
FNDA:53,Booking
FNDA:16,updateBookingDetails
FNDA:9,updateSize
FNDA:15,addShoe
FNDA:2,removeShoe
FNDA:3,isShoeSizesFilled
FNDA:2,checkPlayersAndLanes
FNDA:1,sendBooking
FNDA:4,comparePeopleAndShoes
FNDA:1,saveConfirmation
FNDA:5,book
DA:1,1
DA:2,1
DA:3,1
DA:5,1
DA:6,1
DA:7,1
DA:8,1
DA:9,1
DA:11,53
DA:12,53
DA:13,53
DA:14,53
DA:15,53
DA:16,53
DA:17,53
DA:18,53
DA:19,53
DA:20,53
DA:22,53
DA:23,16
DA:24,16
DA:26,16
DA:27,16
DA:28,16
DA:29,16
DA:30,16
DA:32,53
DA:33,9
DA:34,9
DA:36,9
DA:37,9
DA:38,9
DA:39,31
DA:40,9
DA:41,9
DA:42,9
DA:43,9
DA:45,53
DA:46,15
DA:48,15
DA:49,15
DA:51,53
DA:52,2
DA:54,2
DA:55,2
DA:57,53
DA:58,3
DA:60,3
DA:62,3
DA:63,3
DA:65,53
DA:66,2
DA:67,2
DA:69,2
DA:71,1
DA:72,2
DA:74,53
DA:75,1
DA:76,1
DA:77,1
DA:78,1
DA:79,1
DA:80,1
DA:81,1
DA:82,1
DA:83,1
DA:84,1
DA:85,1
DA:87,1
DA:88,1
DA:90,53
DA:91,4
DA:92,4
DA:94,53
DA:95,1
DA:96,1
DA:98,1
DA:99,1
DA:100,1
DA:102,53
DA:103,5
DA:105,5
DA:106,1
DA:107,5
DA:108,1
DA:109,4
DA:110,1
DA:111,3
DA:112,1
DA:113,1
DA:116,5
DA:117,4
DA:118,4
DA:119,4
DA:121,1
DA:122,1
DA:123,1
DA:124,1
DA:125,1
DA:126,1
DA:128,1
DA:130,1
DA:132,1
DA:133,1
DA:135,1
DA:136,1
DA:137,1
DA:138,5
DA:140,53
DA:141,53
DA:142,53
DA:143,53
DA:144,53
DA:145,53
DA:146,53
DA:147,53
DA:148,53
DA:149,53
DA:150,53
DA:151,53
DA:153,53
DA:154,53
DA:155,53
DA:157,53
DA:159,1
LF:125
LH:125
BRDA:11,0,0,53
BRDA:154,1,0,4
BRDA:154,2,0,49
BRDA:22,3,0,16
BRDA:26,4,0,16
BRDA:32,5,0,9
BRDA:36,6,0,0
BRDA:37,7,0,9
BRDA:38,8,0,31
BRDA:39,9,0,9
BRDA:39,10,0,22
BRDA:45,11,0,15
BRDA:51,12,0,2
BRDA:54,13,0,4
BRDA:57,14,0,3
BRDA:60,15,0,8
BRDA:60,16,0,7
BRDA:60,17,0,1
BRDA:65,18,0,2
BRDA:69,19,0,1
BRDA:74,20,0,1
BRDA:90,21,0,4
BRDA:94,22,0,1
BRDA:95,23,0,1
BRDA:102,24,0,5
BRDA:105,25,0,4
BRDA:105,26,0,4
BRDA:105,27,0,4
BRDA:105,28,0,1
BRDA:107,29,0,4
BRDA:107,30,0,1
BRDA:109,31,0,3
BRDA:109,32,0,1
BRDA:111,33,0,2
BRDA:111,34,0,1
BRDA:116,35,0,4
BRDA:119,36,0,1
BRDA:125,37,0,1
BRF:38
BRH:37
end_of_record
TN:
SF:src\views\Confirmation.jsx
FN:8,Confirmation
FNF:1
FNH:0
FNDA:0,Confirmation
DA:1,1
DA:2,1
DA:4,1
DA:5,1
DA:6,1
DA:8,0
DA:9,0
DA:11,0
DA:12,0
DA:13,0
DA:15,0
DA:16,0
DA:17,0
DA:18,0
DA:19,0
DA:20,0
DA:21,0
DA:22,0
DA:23,0
DA:24,0
DA:25,0
DA:26,0
DA:27,0
DA:28,0
DA:29,0
DA:30,0
DA:31,0
DA:32,0
DA:33,0
DA:34,0
DA:35,0
DA:36,0
DA:37,0
DA:38,0
DA:39,0
DA:40,0
DA:41,0
DA:42,0
DA:43,0
DA:44,0
DA:45,0
DA:46,0
DA:47,0
DA:48,0
DA:49,0
DA:50,0
DA:51,0
DA:52,0
DA:53,0
DA:54,0
DA:55,0
DA:56,0
DA:57,0
DA:59,0
DA:60,0
DA:62,0
DA:64,0
DA:66,0
DA:68,1
LF:59
LH:6
BRF:0
BRH:0
end_of_record
