TN:
SF:__test__\Booking.test.jsx
FNF:0
FNH:0
DA:1,1
DA:2,1
DA:3,1
DA:4,1
DA:6,1
DA:7,1
DA:8,1
DA:9,1
DA:10,1
DA:11,1
DA:12,1
DA:14,1
DA:15,1
DA:17,1
DA:18,1
DA:19,1
DA:20,1
DA:21,1
DA:22,1
DA:23,1
DA:24,1
DA:25,1
DA:26,1
DA:27,1
DA:28,1
DA:30,1
DA:31,1
DA:32,1
DA:33,1
DA:36,1
DA:37,1
DA:38,1
DA:39,1
DA:40,1
DA:41,1
DA:44,1
DA:45,1
DA:46,1
DA:47,1
DA:48,1
DA:50,1
DA:51,1
DA:52,1
DA:54,1
DA:55,1
DA:57,1
DA:58,1
DA:59,1
DA:60,1
DA:61,1
DA:62,1
DA:63,1
DA:64,1
DA:65,1
DA:67,1
DA:68,1
DA:70,1
DA:72,1
DA:73,1
DA:74,1
DA:75,1
DA:76,1
DA:77,1
DA:78,1
DA:79,1
DA:80,1
DA:82,1
DA:84,1
DA:85,1
DA:86,1
DA:87,1
DA:88,1
DA:89,1
DA:90,1
DA:91,1
DA:93,1
DA:94,1
DA:95,1
DA:96,1
DA:97,1
DA:98,1
DA:99,1
DA:100,1
DA:101,1
DA:102,1
DA:103,1
DA:104,1
DA:106,1
DA:107,1
DA:109,1
DA:110,1
DA:111,1
DA:112,1
DA:114,1
DA:115,1
DA:118,1
DA:120,1
DA:121,1
DA:122,1
DA:123,1
DA:124,1
DA:125,1
DA:126,1
DA:127,1
DA:129,1
DA:130,1
DA:131,1
DA:132,1
DA:133,1
DA:134,1
DA:135,1
DA:136,1
DA:137,1
DA:138,1
DA:139,1
DA:140,1
DA:142,1
DA:143,1
DA:144,1
DA:145,1
DA:146,1
DA:148,1
DA:149,1
DA:150,1
DA:151,1
DA:152,1
DA:153,1
DA:154,1
DA:155,1
DA:156,1
DA:157,1
DA:158,1
DA:159,1
DA:160,1
DA:161,1
DA:162,1
DA:165,1
DA:166,1
DA:170,1
DA:172,1
DA:173,1
DA:174,1
DA:175,1
DA:176,1
DA:177,1
DA:178,1
DA:179,1
DA:181,1
DA:182,1
DA:183,1
DA:184,1
DA:185,1
DA:186,1
DA:187,1
DA:188,1
DA:189,1
DA:190,1
DA:191,1
DA:192,1
DA:194,1
DA:195,1
DA:197,1
DA:198,1
DA:199,1
DA:201,1
DA:202,1
DA:206,1
DA:208,1
DA:209,1
DA:210,1
DA:211,1
DA:212,1
DA:213,1
DA:214,1
DA:215,1
DA:216,1
DA:217,1
DA:219,1
DA:220,1
DA:221,1
DA:223,1
DA:224,1
DA:225,1
DA:226,1
DA:227,1
DA:228,1
DA:229,1
DA:230,1
DA:231,1
DA:232,1
DA:235,1
DA:237,1
DA:238,1
DA:239,1
DA:240,1
DA:241,1
DA:243,1
DA:246,1
DA:248,1
LF:199
LH:199
BRDA:6,0,0,1
BRDA:7,1,0,1
BRDA:50,2,0,1
BRDA:72,3,0,1
BRDA:84,4,0,1
BRDA:120,5,0,1
BRDA:172,6,0,1
BRDA:208,7,0,1
BRDA:209,8,0,1
BRDA:223,9,0,1
BRF:10
BRH:10
end_of_record
TN:
SF:__test__\Confirmation.test.jsx
FNF:0
FNH:0
DA:1,1
DA:2,1
DA:3,1
DA:4,1
DA:9,1
DA:10,1
DA:11,1
DA:12,1
DA:13,1
DA:14,1
DA:15,1
DA:16,1
DA:17,1
DA:19,1
DA:20,1
DA:21,1
DA:22,1
DA:23,1
DA:24,1
DA:25,1
DA:26,1
DA:27,1
DA:28,1
DA:29,1
DA:30,1
DA:31,1
DA:32,1
DA:33,1
DA:34,1
DA:36,1
DA:37,1
DA:38,1
DA:39,1
DA:40,1
DA:41,1
DA:43,1
LF:36
LH:36
BRDA:9,0,0,1
BRDA:10,1,0,1
BRDA:19,2,0,1
BRF:3
BRH:3
end_of_record
TN:
SF:__test__\Navigation.test.jsx
FNF:0
FNH:0
DA:1,1
DA:2,1
DA:3,1
DA:6,1
DA:7,1
DA:8,1
DA:10,1
DA:12,1
DA:13,1
DA:15,1
DA:16,1
DA:17,1
DA:19,1
DA:20,1
DA:22,1
DA:24,1
DA:26,1
DA:29,1
DA:30,1
DA:31,1
DA:32,1
DA:33,1
LF:22
LH:22
BRDA:6,0,0,1
BRDA:7,1,0,1
BRDA:19,2,0,1
BRF:3
BRH:3
end_of_record
TN:
SF:mocks\handler.js
FNF:0
FNH:0
DA:1,1
DA:2,1
DA:3,1
DA:4,1
DA:5,1
DA:6,1
DA:7,1
DA:8,1
DA:9,1
DA:10,1
DA:11,1
DA:12,1
DA:13,1
DA:14,1
DA:15,1
DA:16,1
DA:17,1
DA:18,1
DA:19,1
DA:20,1
DA:21,1
DA:22,1
DA:23,1
DA:24,1
LF:24
LH:24
BRDA:4,0,0,1
BRF:1
BRH:1
end_of_record
TN:
SF:mocks\mockserver.js
FNF:0
FNH:0
DA:1,1
DA:2,1
DA:3,1
DA:4,1
DA:5,1
LF:5
LH:5
BRF:0
BRH:0
end_of_record
TN:
SF:src\App.jsx
FN:6,App
FNF:1
FNH:1
FNDA:2,App
DA:1,1
DA:2,1
DA:4,1
DA:6,2
DA:8,2
DA:9,2
DA:10,2
DA:11,2
DA:13,2
DA:15,1
LF:10
LH:10
BRDA:6,0,0,2
BRF:1
BRH:1
end_of_record
TN:
SF:src\router.jsx
FNF:0
FNH:0
DA:1,1
DA:3,1
DA:4,1
DA:6,1
DA:7,1
DA:8,1
DA:9,1
DA:10,1
DA:11,1
DA:12,1
DA:13,1
DA:14,1
DA:15,1
DA:17,1
LF:14
LH:14
BRF:0
BRH:0
end_of_record
TN:
SF:src\components\BookingInfo\BookingInfo.jsx
FN:5,BookingInfo
FNF:1
FNH:1
FNDA:56,BookingInfo
DA:1,1
DA:3,1
DA:5,56
DA:6,56
DA:7,56
DA:8,56
DA:9,56
DA:10,56
DA:11,56
DA:12,56
DA:13,56
DA:14,56
DA:15,56
DA:16,56
DA:17,56
DA:18,56
DA:19,56
DA:20,56
DA:21,56
DA:22,56
DA:23,56
DA:24,56
DA:25,56
DA:26,56
DA:27,56
DA:28,56
DA:29,56
DA:30,56
DA:31,56
DA:32,56
DA:33,56
DA:34,56
DA:35,56
DA:36,56
DA:37,56
DA:38,56
DA:39,56
DA:40,56
DA:41,56
DA:42,56
DA:43,56
DA:44,56
DA:46,56
DA:48,1
LF:44
LH:44
BRDA:5,0,0,56
BRF:1
BRH:1
end_of_record
TN:
SF:src\components\ErrorMessage\ErrorMessage.jsx
FN:3,ErrorMessage
FNF:1
FNH:1
FNDA:4,ErrorMessage
DA:1,1
DA:3,4
DA:4,4
DA:5,4
DA:6,4
DA:7,4
DA:9,4
DA:11,1
LF:8
LH:8
BRDA:3,0,0,4
BRF:1
BRH:1
end_of_record
TN:
SF:src\components\Input\Input.jsx
FN:3,Input
FNF:1
FNH:1
FNDA:301,Input
DA:1,1
DA:3,301
DA:4,301
DA:5,301
DA:6,301
DA:7,301
DA:8,301
DA:9,301
DA:10,301
DA:11,301
DA:12,301
DA:13,301
DA:14,301
DA:15,301
DA:16,301
DA:17,301
DA:18,301
DA:19,301
DA:20,301
DA:21,301
DA:22,301
DA:23,301
DA:24,301
DA:26,301
DA:27,301
DA:29,301
DA:31,1
LF:27
LH:27
BRDA:3,0,0,301
BRDA:18,1,0,245
BRDA:18,2,0,56
BRDA:22,3,0,4
BRDA:22,4,0,297
BRF:5
BRH:5
end_of_record
TN:
SF:src\components\Navigation\Navigation.jsx
FN:6,Navigation
FN:13,onClick
FN:15,onClick
FN:17,onClick
FNF:4
FNH:4
FNDA:62,Navigation
FNDA:2,onClick
FNDA:1,onClick
FNDA:1,onClick
DA:1,1
DA:2,1
DA:3,1
DA:4,1
DA:6,62
DA:7,62
DA:8,62
DA:10,62
DA:11,62
DA:12,62
DA:13,62
DA:14,62
DA:15,62
DA:16,62
DA:17,62
DA:18,62
DA:20,62
DA:22,1
LF:18
LH:18
BRDA:6,0,0,62
BRDA:11,1,0,2
BRDA:11,2,0,60
BRDA:14,3,0,2
BRDA:14,4,0,60
BRDA:16,5,0,2
BRDA:16,6,0,60
BRDA:13,7,0,2
BRDA:15,8,0,1
BRDA:17,9,0,1
BRF:10
BRH:10
end_of_record
TN:
SF:src\components\Shoes\Shoes.jsx
FN:6,Shoes
FN:21,onClick
FN:41,onClick
FNF:3
FNH:3
FNDA:56,Shoes
FNDA:2,onClick
FNDA:15,onClick
DA:1,1
DA:2,1
DA:4,1
DA:6,56
DA:7,56
DA:8,73
DA:9,73
DA:10,73
DA:11,73
DA:12,73
DA:13,73
DA:14,73
DA:15,73
DA:16,73
DA:17,73
DA:18,73
DA:19,73
DA:20,73
DA:21,73
DA:22,2
DA:23,2
DA:24,73
DA:26,73
DA:27,73
DA:30,73
DA:31,56
DA:33,56
DA:34,56
DA:35,56
DA:36,56
DA:37,56
DA:38,56
DA:39,56
DA:40,56
DA:41,56
DA:42,15
DA:43,15
DA:44,56
DA:46,56
DA:47,56
DA:49,56
DA:51,1
LF:42
LH:42
BRDA:6,0,0,56
BRDA:7,1,0,73
BRDA:21,2,0,2
BRDA:41,3,0,15
BRF:4
BRH:4
end_of_record
TN:
SF:src\components\Top\Top.jsx
FN:4,Top
FNF:1
FNH:1
FNDA:60,Top
DA:1,1
DA:2,1
DA:4,60
DA:5,60
DA:6,60
DA:7,60
DA:8,60
DA:9,60
DA:11,60
DA:13,1
LF:10
LH:10
BRDA:4,0,0,60
BRF:1
BRH:1
end_of_record
TN:
SF:src\views\Booking.jsx
FN:11,Booking
FN:22,updateBookingDetails
FN:32,updateSize
FN:45,addShoe
FN:51,removeShoe
FN:57,isShoeSizesFilled
FN:65,checkPlayersAndLanes
FN:74,sendBooking
FN:90,comparePeopleAndShoes
FN:94,saveConfirmation
FN:102,book
FNF:11
FNH:11
FNDA:56,Booking
FNDA:16,updateBookingDetails
FNDA:9,updateSize
FNDA:15,addShoe
FNDA:2,removeShoe
FNDA:3,isShoeSizesFilled
FNDA:2,checkPlayersAndLanes
FNDA:1,sendBooking
FNDA:4,comparePeopleAndShoes
FNDA:1,saveConfirmation
FNDA:5,book
DA:1,1
DA:2,1
DA:3,1
DA:5,1
DA:6,1
DA:7,1
DA:8,1
DA:9,1
DA:11,56
DA:12,56
DA:13,56
DA:14,56
DA:15,56
DA:16,56
DA:17,56
DA:18,56
DA:19,56
DA:20,56
DA:22,56
DA:23,16
DA:24,16
DA:26,16
DA:27,16
DA:28,16
DA:29,16
DA:30,16
DA:32,56
DA:33,9
DA:34,9
DA:36,9
DA:37,9
DA:38,9
DA:39,31
DA:40,9
DA:41,9
DA:42,9
DA:43,9
DA:45,56
DA:46,15
DA:48,15
DA:49,15
DA:51,56
DA:52,2
DA:54,2
DA:55,2
DA:57,56
DA:58,3
DA:60,3
DA:62,3
DA:63,3
DA:65,56
DA:66,2
DA:67,2
DA:69,2
DA:71,1
DA:72,2
DA:74,56
DA:75,1
DA:76,1
DA:77,1
DA:78,1
DA:79,1
DA:80,1
DA:81,1
DA:82,1
DA:83,1
DA:84,1
DA:85,1
DA:87,1
DA:88,1
DA:90,56
DA:91,4
DA:92,4
DA:94,56
DA:95,1
DA:96,1
DA:98,1
DA:99,1
DA:100,1
DA:102,56
DA:103,5
DA:105,5
DA:106,1
DA:107,5
DA:108,1
DA:109,4
DA:110,1
DA:111,3
DA:112,1
DA:113,1
DA:116,5
DA:117,4
DA:118,4
DA:119,4
DA:121,1
DA:122,1
DA:123,1
DA:124,1
DA:125,1
DA:126,1
DA:128,1
DA:130,1
DA:132,1
DA:133,1
DA:135,1
DA:136,1
DA:137,1
DA:138,5
DA:140,56
DA:141,56
DA:142,56
DA:143,56
DA:144,56
DA:145,56
DA:146,56
DA:147,56
DA:148,56
DA:149,56
DA:150,56
DA:151,56
DA:153,56
DA:154,56
DA:155,56
DA:157,56
DA:159,1
LF:125
LH:125
BRDA:11,0,0,56
BRDA:154,1,0,4
BRDA:154,2,0,52
BRDA:22,3,0,16
BRDA:26,4,0,16
BRDA:32,5,0,9
BRDA:36,6,0,0
BRDA:37,7,0,9
BRDA:38,8,0,31
BRDA:39,9,0,9
BRDA:39,10,0,22
BRDA:45,11,0,15
BRDA:51,12,0,2
BRDA:54,13,0,4
BRDA:57,14,0,3
BRDA:60,15,0,8
BRDA:60,16,0,7
BRDA:60,17,0,1
BRDA:65,18,0,2
BRDA:69,19,0,1
BRDA:74,20,0,1
BRDA:90,21,0,4
BRDA:94,22,0,1
BRDA:95,23,0,1
BRDA:102,24,0,5
BRDA:105,25,0,4
BRDA:105,26,0,4
BRDA:105,27,0,4
BRDA:105,28,0,1
BRDA:107,29,0,4
BRDA:107,30,0,1
BRDA:109,31,0,3
BRDA:109,32,0,1
BRDA:111,33,0,2
BRDA:111,34,0,1
BRDA:116,35,0,4
BRDA:119,36,0,1
BRDA:125,37,0,1
BRF:38
BRH:37
end_of_record
TN:
SF:src\views\Confirmation.jsx
FN:8,Confirmation
FNF:1
FNH:1
FNDA:4,Confirmation
DA:1,1
DA:2,1
DA:4,1
DA:5,1
DA:6,1
DA:8,4
DA:9,4
DA:11,4
DA:12,4
DA:13,4
DA:15,4
DA:16,4
DA:17,4
DA:18,4
DA:19,4
DA:20,1
DA:21,1
DA:22,1
DA:23,1
DA:24,1
DA:25,1
DA:26,1
DA:27,1
DA:28,1
DA:29,1
DA:30,1
DA:31,1
DA:32,1
DA:33,1
DA:34,1
DA:35,1
DA:36,1
DA:37,1
DA:38,1
DA:39,1
DA:40,1
DA:41,1
DA:42,1
DA:43,1
DA:44,1
DA:45,1
DA:46,1
DA:47,1
DA:48,1
DA:49,1
DA:50,1
DA:51,1
DA:52,1
DA:53,1
DA:54,1
DA:55,1
DA:56,1
DA:57,1
DA:59,1
DA:60,1
DA:62,3
DA:64,4
DA:66,4
DA:68,1
LF:59
LH:59
BRDA:8,0,0,4
BRDA:12,1,0,0
BRDA:19,2,0,1
BRDA:60,3,0,3
BRF:4
BRH:3
end_of_record
